# JRE version: Java(TM) SE Runtime Environment (8.0_261-b12) (build 1.8.0_261-b12)
# Java VM: Java HotSpot(TM) 64-Bit Server VM (25.261-b12 mixed mode windows-amd64 compressed oops)
Heap:
 PSYoungGen      total 134144K, used 32750K [0x00000000f5580000, 0x00000000fe080000, 0x0000000100000000)
  eden space 125952K, 20% used [0x00000000f5580000,0x00000000f6e413a0,0x00000000fd080000)
  from space 8192K, 90% used [0x00000000fd080000,0x00000000fd7ba710,0x00000000fd880000)
  to   space 7168K, 0% used [0x00000000fd980000,0x00000000fd980000,0x00000000fe080000)
 ParOldGen       total 75264K, used 10979K [0x00000000e0000000, 0x00000000e4980000, 0x00000000f5580000)
  object space 75264K, 14% used [0x00000000e0000000,0x00000000e0ab8d10,0x00000000e4980000)
 Metaspace       used 43788K, capacity 46258K, committed 46592K, reserved 1089536K
  class space    used 5593K, capacity 6062K, committed 6144K, reserved 1048576K
GC Heap History (10 events):
Event: 12.194 GC heap before
{Heap before GC invocations=19 (full 2):
 PSYoungGen      total 84480K, used 5889K [0x00000000f5580000, 0x00000000fc680000, 0x0000000100000000)
  eden space 75776K, 0% used [0x00000000f5580000,0x00000000f5580000,0x00000000f9f80000)
  from space 8704K, 67% used [0x00000000f9f80000,0x00000000fa540708,0x00000000fa800000)
  to   space 8704K, 0% used [0x00000000fbe00000,0x00000000fbe00000,0x00000000fc680000)
 ParOldGen       total 57856K, used 7194K [0x00000000e0000000, 0x00000000e3880000, 0x00000000f5580000)
  object space 57856K, 12% used [0x00000000e0000000,0x00000000e0706bb0,0x00000000e3880000)
 Metaspace       used 33414K, capacity 35326K, committed 35416K, reserved 1079296K
  class space    used 4442K, capacity 4822K, committed 4864K, reserved 1048576K
Event: 12.230 GC heap after
Heap after GC invocations=19 (full 2):
 PSYoungGen      total 84480K, used 0K [0x00000000f5580000, 0x00000000fc680000, 0x0000000100000000)
  eden space 75776K, 0% used [0x00000000f5580000,0x00000000f5580000,0x00000000f9f80000)
  from space 8704K, 0% used [0x00000000f9f80000,0x00000000f9f80000,0x00000000fa800000)
  to   space 8704K, 0% used [0x00000000fbe00000,0x00000000fbe00000,0x00000000fc680000)
 ParOldGen       total 75264K, used 10691K [0x00000000e0000000, 0x00000000e4980000, 0x00000000f5580000)
  object space 75264K, 14% used [0x00000000e0000000,0x00000000e0a70d00,0x00000000e4980000)
 Metaspace       used 33414K, capacity 35326K, committed 35416K, reserved 1079296K
  class space    used 4442K, capacity 4822K, committed 4864K, reserved 1048576K
}
Event: 12.313 GC heap before
{Heap before GC invocations=20 (full 2):
 PSYoungGen      total 84480K, used 75735K [0x00000000f5580000, 0x00000000fc680000, 0x0000000100000000)
  eden space 75776K, 99% used [0x00000000f5580000,0x00000000f9f75fc8,0x00000000f9f80000)
  from space 8704K, 0% used [0x00000000f9f80000,0x00000000f9f80000,0x00000000fa800000)
  to   space 8704K, 0% used [0x00000000fbe00000,0x00000000fbe00000,0x00000000fc680000)
 ParOldGen       total 75264K, used 10691K [0x00000000e0000000, 0x00000000e4980000, 0x00000000f5580000)
  object space 75264K, 14% used [0x00000000e0000000,0x00000000e0a70d00,0x00000000e4980000)
 Metaspace       used 34316K, capacity 36264K, committed 36480K, reserved 1081344K
  class space    used 4521K, capacity 4893K, committed 4992K, reserved 1048576K
Event: 12.315 GC heap after
Heap after GC invocations=20 (full 2):
 PSYoungGen      total 107008K, used 2202K [0x00000000f5580000, 0x00000000fc700000, 0x0000000100000000)
  eden space 98304K, 0% used [0x00000000f5580000,0x00000000f5580000,0x00000000fb580000)
  from space 8704K, 25% used [0x00000000fbe00000,0x00000000fc0269f8,0x00000000fc680000)
  to   space 8704K, 0% used [0x00000000fb580000,0x00000000fb580000,0x00000000fbe00000)
 ParOldGen       total 75264K, used 10691K [0x00000000e0000000, 0x00000000e4980000, 0x00000000f5580000)
  object space 75264K, 14% used [0x00000000e0000000,0x00000000e0a70d00,0x00000000e4980000)
 Metaspace       used 34316K, capacity 36264K, committed 36480K, reserved 1081344K
  class space    used 4521K, capacity 4893K, committed 4992K, reserved 1048576K
}
Event: 12.637 GC heap before
{Heap before GC invocations=21 (full 2):
 PSYoungGen      total 107008K, used 100506K [0x00000000f5580000, 0x00000000fc700000, 0x0000000100000000)
  eden space 98304K, 100% used [0x00000000f5580000,0x00000000fb580000,0x00000000fb580000)
  from space 8704K, 25% used [0x00000000fbe00000,0x00000000fc0269f8,0x00000000fc680000)
  to   space 8704K, 0% used [0x00000000fb580000,0x00000000fb580000,0x00000000fbe00000)
 ParOldGen       total 75264K, used 10691K [0x00000000e0000000, 0x00000000e4980000, 0x00000000f5580000)
  object space 75264K, 14% used [0x00000000e0000000,0x00000000e0a70d00,0x00000000e4980000)
 Metaspace       used 36722K, capacity 38768K, committed 39040K, reserved 1083392K
  class space    used 4740K, capacity 5127K, committed 5248K, reserved 1048576K
Event: 12.644 GC heap after
Heap after GC invocations=21 (full 2):
 PSYoungGen      total 107008K, used 3555K [0x00000000f5580000, 0x00000000fe180000, 0x0000000100000000)
  eden space 98304K, 0% used [0x00000000f5580000,0x00000000f5580000,0x00000000fb580000)
  from space 8704K, 40% used [0x00000000fb580000,0x00000000fb8f8d28,0x00000000fbe00000)
  to   space 8192K, 0% used [0x00000000fd980000,0x00000000fd980000,0x00000000fe180000)
 ParOldGen       total 75264K, used 10699K [0x00000000e0000000, 0x00000000e4980000, 0x00000000f5580000)
  object space 75264K, 14% used [0x00000000e0000000,0x00000000e0a72d00,0x00000000e4980000)
 Metaspace       used 36722K, capacity 38768K, committed 39040K, reserved 1083392K
  class space    used 4740K, capacity 5127K, committed 5248K, reserved 1048576K
}
Event: 13.178 GC heap before
{Heap before GC invocations=22 (full 2):
 PSYoungGen      total 107008K, used 101859K [0x00000000f5580000, 0x00000000fe180000, 0x0000000100000000)
  eden space 98304K, 100% used [0x00000000f5580000,0x00000000fb580000,0x00000000fb580000)
  from space 8704K, 40% used [0x00000000fb580000,0x00000000fb8f8d28,0x00000000fbe00000)
  to   space 8192K, 0% used [0x00000000fd980000,0x00000000fd980000,0x00000000fe180000)
 ParOldGen       total 75264K, used 10699K [0x00000000e0000000, 0x00000000e4980000, 0x00000000f5580000)
  object space 75264K, 14% used [0x00000000e0000000,0x00000000e0a72d00,0x00000000e4980000)
 Metaspace       used 39242K, capacity 41414K, committed 41600K, reserved 1085440K
  class space    used 5049K, capacity 5494K, committed 5504K, reserved 1048576K
Event: 13.185 GC heap after
Heap after GC invocations=22 (full 2):
 PSYoungGen      total 133120K, used 5085K [0x00000000f5580000, 0x00000000fe080000, 0x0000000100000000)
  eden space 125952K, 0% used [0x00000000f5580000,0x00000000f5580000,0x00000000fd080000)
  from space 7168K, 70% used [0x00000000fd980000,0x00000000fde777a0,0x00000000fe080000)
  to   space 8192K, 0% used [0x00000000fd080000,0x00000000fd080000,0x00000000fd880000)
 ParOldGen       total 75264K, used 10707K [0x00000000e0000000, 0x00000000e4980000, 0x00000000f5580000)
  object space 75264K, 14% used [0x00000000e0000000,0x00000000e0a74d00,0x00000000e4980000)
 Metaspace       used 39242K, capacity 41414K, committed 41600K, reserved 1085440K
  class space    used 5049K, capacity 5494K, committed 5504K, reserved 1048576K
}
Event: 14.859 GC heap before
{Heap before GC invocations=23 (full 2):
 PSYoungGen      total 133120K, used 131037K [0x00000000f5580000, 0x00000000fe080000, 0x0000000100000000)
  eden space 125952K, 100% used [0x00000000f5580000,0x00000000fd080000,0x00000000fd080000)
  from space 7168K, 70% used [0x00000000fd980000,0x00000000fde777a0,0x00000000fe080000)
  to   space 8192K, 0% used [0x00000000fd080000,0x00000000fd080000,0x00000000fd880000)
 ParOldGen       total 75264K, used 10707K [0x00000000e0000000, 0x00000000e4980000, 0x00000000f5580000)
  object space 75264K, 14% used [0x00000000e0000000,0x00000000e0a74d00,0x00000000e4980000)
 Metaspace       used 42711K, capacity 45224K, committed 45440K, reserved 1089536K
  class space    used 5497K, capacity 5959K, committed 6016K, reserved 1048576K
Event: 14.873 GC heap after
Heap after GC invocations=23 (full 2):
 PSYoungGen      total 134144K, used 7401K [0x00000000f5580000, 0x00000000fe080000, 0x0000000100000000)
  eden space 125952K, 0% used [0x00000000f5580000,0x00000000f5580000,0x00000000fd080000)
  from space 8192K, 90% used [0x00000000fd080000,0x00000000fd7ba710,0x00000000fd880000)
  to   space 7168K, 0% used [0x00000000fd980000,0x00000000fd980000,0x00000000fe080000)
 ParOldGen       total 75264K, used 10979K [0x00000000e0000000, 0x00000000e4980000, 0x00000000f5580000)
  object space 75264K, 14% used [0x00000000e0000000,0x00000000e0ab8d10,0x00000000e4980000)
 Metaspace       used 42711K, capacity 45224K, committed 45440K, reserved 1089536K
  class space    used 5497K, capacity 5959K, committed 6016K, reserved 1048576K
}

