# JRE version: OpenJDK Runtime Environment (15.0.2+7) (build 15.0.2+7-27)
# Java VM: OpenJDK 64-Bit Server VM (15.0.2+7-27, mixed mode, tiered, compressed oops, g1 gc, windows-amd64)
GC Precious Log:
 CPUs: 8 total, 8 available
 Memory: 8101M
 Large Page Support: Disabled
 NUMA Support: Disabled
 Compressed Oops: Enabled (32-bit)
 Heap Region Size: 1M
 Heap Min Capacity: 8M
 Heap Initial Capacity: 128M
 Heap Max Capacity: 2026M
 Pre-touch: Disabled
 Parallel Workers: 8
 Concurrent Workers: 2
 Concurrent Refinement Workers: 8
 Periodic GC: Disabled
Heap:
 garbage-first heap   total 66560K, used 20921K [0x0000000081600000, 0x0000000100000000)
  region size 1024K, 3 young (3072K), 3 survivors (3072K)
 Metaspace       used 46771K, capacity 47230K, committed 47404K, reserved 1105920K
  class space    used 6007K, capacity 6179K, committed 6272K, reserved 1048576K
GC Heap History (20 events):
Event: 3.751 GC heap before
{Heap before GC invocations=12 (full 0):
 garbage-first heap   total 46080K, used 35006K [0x0000000081600000, 0x0000000100000000)
  region size 1024K, 26 young (26624K), 3 survivors (3072K)
 Metaspace       used 29625K, capacity 30027K, committed 30080K, reserved 1083392K
  class space    used 3589K, capacity 3712K, committed 3712K, reserved 1048576K
}
Event: 3.756 GC heap after
{Heap after GC invocations=13 (full 0):
 garbage-first heap   total 46080K, used 12835K [0x0000000081600000, 0x0000000100000000)
  region size 1024K, 3 young (3072K), 3 survivors (3072K)
 Metaspace       used 29625K, capacity 30027K, committed 30080K, reserved 1083392K
  class space    used 3589K, capacity 3712K, committed 3712K, reserved 1048576K
}
Event: 3.765 GC heap before
{Heap before GC invocations=13 (full 0):
 garbage-first heap   total 46080K, used 34339K [0x0000000081600000, 0x0000000100000000)
  region size 1024K, 25 young (25600K), 3 survivors (3072K)
 Metaspace       used 29685K, capacity 30027K, committed 30080K, reserved 1083392K
  class space    used 3592K, capacity 3712K, committed 3712K, reserved 1048576K
}
Event: 3.768 GC heap after
{Heap after GC invocations=14 (full 0):
 garbage-first heap   total 46080K, used 12813K [0x0000000081600000, 0x0000000100000000)
  region size 1024K, 3 young (3072K), 3 survivors (3072K)
 Metaspace       used 29685K, capacity 30027K, committed 30080K, reserved 1083392K
  class space    used 3592K, capacity 3712K, committed 3712K, reserved 1048576K
}
Event: 4.250 GC heap before
{Heap before GC invocations=14 (full 0):
 garbage-first heap   total 46080K, used 36365K [0x0000000081600000, 0x0000000100000000)
  region size 1024K, 26 young (26624K), 3 survivors (3072K)
 Metaspace       used 31650K, capacity 32132K, committed 32256K, reserved 1085440K
  class space    used 3831K, capacity 3982K, committed 4096K, reserved 1048576K
}
Event: 4.255 GC heap after
{Heap after GC invocations=15 (full 0):
 garbage-first heap   total 55296K, used 14122K [0x0000000081600000, 0x0000000100000000)
  region size 1024K, 4 young (4096K), 4 survivors (4096K)
 Metaspace       used 31650K, capacity 32132K, committed 32256K, reserved 1085440K
  class space    used 3831K, capacity 3982K, committed 4096K, reserved 1048576K
}
Event: 5.065 GC heap before
{Heap before GC invocations=15 (full 0):
 garbage-first heap   total 55296K, used 42794K [0x0000000081600000, 0x0000000100000000)
  region size 1024K, 32 young (32768K), 4 survivors (4096K)
 Metaspace       used 34415K, capacity 34916K, committed 35200K, reserved 1087488K
  class space    used 4248K, capacity 4391K, committed 4480K, reserved 1048576K
}
Event: 5.073 GC heap after
{Heap after GC invocations=16 (full 0):
 garbage-first heap   total 55296K, used 15767K [0x0000000081600000, 0x0000000100000000)
  region size 1024K, 4 young (4096K), 4 survivors (4096K)
 Metaspace       used 34415K, capacity 34916K, committed 35200K, reserved 1087488K
  class space    used 4248K, capacity 4391K, committed 4480K, reserved 1048576K
}
Event: 5.324 GC heap before
{Heap before GC invocations=16 (full 0):
 garbage-first heap   total 55296K, used 22935K [0x0000000081600000, 0x0000000100000000)
  region size 1024K, 12 young (12288K), 4 survivors (4096K)
 Metaspace       used 35747K, capacity 36167K, committed 36268K, reserved 1089536K
  class space    used 4417K, capacity 4552K, committed 4608K, reserved 1048576K
}
Event: 5.329 GC heap after
{Heap after GC invocations=17 (full 0):
 garbage-first heap   total 55296K, used 16244K [0x0000000081600000, 0x0000000100000000)
  region size 1024K, 3 young (3072K), 3 survivors (3072K)
 Metaspace       used 35747K, capacity 36167K, committed 36268K, reserved 1089536K
  class space    used 4417K, capacity 4552K, committed 4608K, reserved 1048576K
}
Event: 5.907 GC heap before
{Heap before GC invocations=18 (full 0):
 garbage-first heap   total 55296K, used 41844K [0x0000000081600000, 0x0000000100000000)
  region size 1024K, 29 young (29696K), 3 survivors (3072K)
 Metaspace       used 38947K, capacity 39407K, committed 39596K, reserved 1091584K
  class space    used 4869K, capacity 5023K, committed 5120K, reserved 1048576K
}
Event: 5.915 GC heap after
{Heap after GC invocations=19 (full 0):
 garbage-first heap   total 55296K, used 18544K [0x0000000081600000, 0x0000000100000000)
  region size 1024K, 4 young (4096K), 4 survivors (4096K)
 Metaspace       used 38947K, capacity 39407K, committed 39596K, reserved 1091584K
  class space    used 4869K, capacity 5023K, committed 5120K, reserved 1048576K
}
Event: 5.920 GC heap before
{Heap before GC invocations=19 (full 0):
 garbage-first heap   total 55296K, used 41072K [0x0000000081600000, 0x0000000100000000)
  region size 1024K, 27 young (27648K), 4 survivors (4096K)
 Metaspace       used 38947K, capacity 39407K, committed 39596K, reserved 1091584K
  class space    used 4869K, capacity 5023K, committed 5120K, reserved 1048576K
}
Event: 5.925 GC heap after
{Heap after GC invocations=20 (full 0):
 garbage-first heap   total 66560K, used 18457K [0x0000000081600000, 0x0000000100000000)
  region size 1024K, 1 young (1024K), 1 survivors (1024K)
 Metaspace       used 38947K, capacity 39407K, committed 39596K, reserved 1091584K
  class space    used 4869K, capacity 5023K, committed 5120K, reserved 1048576K
}
Event: 6.043 GC heap before
{Heap before GC invocations=20 (full 0):
 garbage-first heap   total 66560K, used 51225K [0x0000000081600000, 0x0000000100000000)
  region size 1024K, 34 young (34816K), 1 survivors (1024K)
 Metaspace       used 39545K, capacity 40047K, committed 40364K, reserved 1093632K
  class space    used 4919K, capacity 5087K, committed 5120K, reserved 1048576K
}
Event: 6.046 GC heap after
{Heap after GC invocations=21 (full 0):
 garbage-first heap   total 66560K, used 19113K [0x0000000081600000, 0x0000000100000000)
  region size 1024K, 1 young (1024K), 1 survivors (1024K)
 Metaspace       used 39545K, capacity 40047K, committed 40364K, reserved 1093632K
  class space    used 4919K, capacity 5087K, committed 5120K, reserved 1048576K
}
Event: 6.230 GC heap before
{Heap before GC invocations=21 (full 0):
 garbage-first heap   total 66560K, used 51881K [0x0000000081600000, 0x0000000100000000)
  region size 1024K, 34 young (34816K), 1 survivors (1024K)
 Metaspace       used 40156K, capacity 40658K, committed 41004K, reserved 1093632K
  class space    used 4997K, capacity 5184K, committed 5248K, reserved 1048576K
}
Event: 6.233 GC heap after
{Heap after GC invocations=22 (full 0):
 garbage-first heap   total 66560K, used 19217K [0x0000000081600000, 0x0000000100000000)
  region size 1024K, 1 young (1024K), 1 survivors (1024K)
 Metaspace       used 40156K, capacity 40658K, committed 41004K, reserved 1093632K
  class space    used 4997K, capacity 5184K, committed 5248K, reserved 1048576K
}
Event: 7.248 GC heap before
{Heap before GC invocations=22 (full 0):
 garbage-first heap   total 66560K, used 48913K [0x0000000081600000, 0x0000000100000000)
  region size 1024K, 31 young (31744K), 1 survivors (1024K)
 Metaspace       used 46771K, capacity 47230K, committed 47404K, reserved 1103872K
  class space    used 6007K, capacity 6179K, committed 6272K, reserved 1048576K
}
Event: 7.255 GC heap after
{Heap after GC invocations=23 (full 0):
 garbage-first heap   total 66560K, used 20921K [0x0000000081600000, 0x0000000100000000)
  region size 1024K, 3 young (3072K), 3 survivors (3072K)
 Metaspace       used 46771K, capacity 47230K, committed 47404K, reserved 1103872K
  class space    used 6007K, capacity 6179K, committed 6272K, reserved 1048576K
}

